app/build/intermediates/manifest_merge_blame_file/debug/manifest-merger-blame-debug-report.txt
1<?xml version="1.0" encoding="utf-8"?>
2<manifest xmlns:android="http://schemas.android.com/apk/res/android"
3    package="mx.edu.utng.app"
4    android:versionCode="1"
5    android:versionName="1.0" >
6
7    <uses-sdk
8        android:minSdkVersion="21"
8-->src\main\AndroidManifest.xml
9        android:targetSdkVersion="29" />
9-->src\main\AndroidManifest.xml
10
11    <uses-permission android:name="android.permission.INTERNET" />
11-->src\main\AndroidManifest.xml:5:5-66
11-->src\main\AndroidManifest.xml:5:22-64
12
13    <application
13-->src\main\AndroidManifest.xml:7:5-44:19
14        android:allowBackup="true"
14-->src\main\AndroidManifest.xml:8:9-35
15        android:appComponentFactory="androidx.core.app.CoreComponentFactory"
15-->[androidx.core:core:1.0.2] AndroidManifest.xml:22:18-86
16        android:debuggable="true"
17        android:icon="@mipmap/logo_round"
17-->src\main\AndroidManifest.xml:9:9-42
18        android:label="World Sports"
18-->src\main\AndroidManifest.xml:10:9-37
19        android:supportsRtl="true"
19-->src\main\AndroidManifest.xml:11:9-35
20        android:testOnly="true"
21        android:theme="@style/AppTheme" >
21-->src\main\AndroidManifest.xml:12:9-40
22        <activity android:name="mx.edu.utng.WorldSports.Basket" />
22-->src\main\AndroidManifest.xml:13:9-76
22-->src\main\AndroidManifest.xml:13:19-64
23        <activity android:name="mx.edu.utng.WorldSports.Futbol" />
23-->src\main\AndroidManifest.xml:14:9-67
23-->src\main\AndroidManifest.xml:14:19-64
24        <activity android:name="mx.edu.utng.WorldSports.AcercaActivity" />
24-->src\main\AndroidManifest.xml:15:9-75
24-->src\main\AndroidManifest.xml:15:19-72
25        <activity android:name="mx.edu.utng.WorldSports.InicioActivity" />
25-->src\main\AndroidManifest.xml:16:9-75
25-->src\main\AndroidManifest.xml:16:19-72
26        <!--
27        <activity android:name=".SplashScreenActivity"
28            android:theme="@style/AppTheme.NoActionBar"
29            >
30            <intent-filter>
31                <action android:name="android.intent.action.MAIN" />
32
33                <category android:name="android.intent.category.LAUNCHER" />
34            </intent-filter>
35        </activity>
36        -->
37        <activity android:name="mx.edu.utng.WorldSports.MainActivity" />
37-->src\main\AndroidManifest.xml:28:9-73
37-->src\main\AndroidManifest.xml:28:19-70
38        <activity
38-->src\main\AndroidManifest.xml:29:9-37:20
39            android:name="mx.edu.utng.WorldSports.activities.LoginActivity"
39-->src\main\AndroidManifest.xml:30:13-76
40            android:screenOrientation="portrait" >
40-->src\main\AndroidManifest.xml:31:13-49
41            <intent-filter>
41-->src\main\AndroidManifest.xml:32:13-36:29
42                <action android:name="android.intent.action.MAIN" />
42-->src\main\AndroidManifest.xml:33:17-69
42-->src\main\AndroidManifest.xml:33:25-66
43
44                <category android:name="android.intent.category.LAUNCHER" />
44-->src\main\AndroidManifest.xml:35:17-77
44-->src\main\AndroidManifest.xml:35:27-74
45            </intent-filter>
46        </activity>
47        <activity
47-->src\main\AndroidManifest.xml:38:9-40:52
48            android:name="mx.edu.utng.WorldSports.activities.RegisterActivity"
48-->src\main\AndroidManifest.xml:39:13-79
49            android:screenOrientation="portrait" />
49-->src\main\AndroidManifest.xml:40:13-49
50        <activity
50-->src\main\AndroidManifest.xml:41:9-43:52
51            android:name="mx.edu.utng.WorldSports.activities.UsersListActivity"
51-->src\main\AndroidManifest.xml:42:13-80
52            android:screenOrientation="portrait" />
52-->src\main\AndroidManifest.xml:43:13-49
53    </application>
54
55</manifest>